
2018-12-07 22:14:17,818 - basehttp.py\log_message[line:124] - INFO: "GET / HTTP/1.1" 200 11081
2018-12-07 22:14:17,938 - basehttp.py\log_message[line:124] - INFO: "GET /static/css/news/news.css HTTP/1.1" 200 3074
2018-12-07 22:14:17,946 - basehttp.py\log_message[line:124] - INFO: "GET /static/css/base/side.css HTTP/1.1" 200 2728
2018-12-07 22:14:17,972 - basehttp.py\log_message[line:124] - INFO: "GET /static/css/base/front_base.css HTTP/1.1" 200 4576
2018-12-07 22:14:17,987 - basehttp.py\log_message[line:124] - INFO: "GET /static/js/message.js HTTP/1.1" 200 3389
2018-12-07 22:14:18,004 - basehttp.py\log_message[line:124] - INFO: "GET /static/js/index.js HTTP/1.1" 200 3240
2018-12-07 22:14:18,016 - basehttp.py\log_message[line:124] - INFO: "GET /static/js/front_base.js HTTP/1.1" 200 2737
2018-12-07 22:14:18,051 - basehttp.py\log_message[line:124] - INFO: "GET /static/js/template-web.js HTTP/1.1" 200 16620
2018-12-07 22:14:18,067 - basehttp.py\log_message[line:124] - INFO: "GET /static/js/xfzajax.js HTTP/1.1" 200 1253
2018-12-07 22:14:18,121 - basehttp.py\log_message[line:124] - INFO: "GET / HTTP/1.1" 200 11081
2018-12-07 22:14:18,146 - basehttp.py\log_message[line:124] - INFO: "GET /media/timg%20(2).jpg HTTP/1.1" 200 653057
2018-12-07 22:14:18,148 - basehttp.py\log_message[line:124] - INFO: "GET /media/timg.jpg HTTP/1.1" 200 441831
2018-12-07 22:14:18,153 - basehttp.py\log_message[line:124] - INFO: "GET /media/timg%20(4).jpg HTTP/1.1" 200 102546
2018-12-07 22:14:19,501 - basehttp.py\log_message[line:124] - INFO: "GET /static/images/favicon.ico HTTP/1.1" 200 9147
2018-12-07 23:32:29,930 - basehttp.py\log_message[line:124] - INFO: "GET / HTTP/1.1" 200 11081
2018-12-07 23:32:30,443 - basehttp.py\log_message[line:124] - INFO: "GET / HTTP/1.1" 200 11081
2018-12-07 23:32:40,123 - basehttp.py\log_message[line:124] - INFO: "GET /account/login/ HTTP/1.1" 200 3988
2018-12-07 23:32:40,239 - basehttp.py\log_message[line:124] - INFO: "GET /static/css/auth/auth.css HTTP/1.1" 200 1942
2018-12-07 23:32:47,242 - basehttp.py\log_message[line:124] - INFO: "POST /account/login/ HTTP/1.1" 302 0
2018-12-07 23:32:47,272 - basehttp.py\log_message[line:124] - INFO: "GET / HTTP/1.1" 200 11436
2018-12-07 23:32:47,427 - basehttp.py\log_message[line:124] - INFO: "GET / HTTP/1.1" 200 11436
2018-12-07 23:32:51,000 - basehttp.py\log_message[line:124] - INFO: "GET /cms/ HTTP/1.1" 200 7096
2018-12-07 23:32:51,094 - basehttp.py\log_message[line:124] - INFO: "GET /static/adminlte/bower_components/font-awesome/css/font-awesome.min.css HTTP/1.1" 200 31000
2018-12-07 23:32:51,161 - basehttp.py\log_message[line:124] - INFO: "GET /static/adminlte/dist/css/AdminLTE.min.css HTTP/1.1" 200 91501
2018-12-07 23:32:51,181 - basehttp.py\log_message[line:124] - INFO: "GET /static/adminlte/bower_components/bootstrap/dist/css/bootstrap.min.css HTTP/1.1" 200 121200
2018-12-07 23:32:51,469 - basehttp.py\log_message[line:124] - INFO: "GET /static/sweetalert/sweetalert.css HTTP/1.1" 200 22898
2018-12-07 23:32:51,515 - basehttp.py\log_message[line:124] - INFO: "GET /static/adminlte/dist/js/adminlte.min.js HTTP/1.1" 200 14548
2018-12-07 23:32:51,616 - basehttp.py\log_message[line:124] - INFO: "GET /static/js/cms_base.js HTTP/1.1" 200 1089
2018-12-07 23:32:51,617 - basehttp.py\log_message[line:124] - INFO: "GET /static/sweetalert/xfzalert.js HTTP/1.1" 200 5599
2018-12-07 23:32:51,652 - basehttp.py\log_message[line:124] - INFO: "GET /static/adminlte/dist/css/skins/_all-skins.min.css HTTP/1.1" 200 41583
2018-12-07 23:32:51,723 - basehttp.py\log_message[line:124] - INFO: "GET /static/sweetalert/sweetalert.min.js HTTP/1.1" 200 16994
2018-12-07 23:32:51,953 - basehttp.py\log_message[line:124] - INFO: "GET /static/adminlte/bower_components/jquery/dist/jquery.min.js HTTP/1.1" 200 86927
2018-12-07 23:32:52,151 - basehttp.py\log_message[line:124] - INFO: "GET /static/adminlte/bower_components/bootstrap/dist/js/bootstrap.min.js HTTP/1.1" 200 37045
2018-12-07 23:32:52,221 - basehttp.py\log_message[line:124] - INFO: "GET /static/adminlte/bower_components/font-awesome/fonts/fontawesome-webfont.woff2?v=4.7.0 HTTP/1.1" 200 77160
2018-12-07 23:32:56,199 - basehttp.py\log_message[line:124] - INFO: "GET /cms/news_category/ HTTP/1.1" 200 10092
2018-12-07 23:32:56,930 - basehttp.py\log_message[line:124] - INFO: "GET /static/js/news_category.js HTTP/1.1" 200 6959
2018-12-07 23:33:51,366 - views.py\add_news_category[line:312] - INFO: 添加文章分类:人才培养！
2018-12-07 23:33:51,482 - basehttp.py\log_message[line:124] - INFO: "POST /cms/add_news_category/ HTTP/1.1" 200 42
2018-12-07 23:33:51,622 - basehttp.py\log_message[line:124] - INFO: "GET /cms/news_category/ HTTP/1.1" 200 10597
2018-12-07 23:34:01,260 - views.py\edit_news_category[line:329] - INFO: 修改文章分类:'创业故事1'成功
2018-12-07 23:34:01,261 - basehttp.py\log_message[line:124] - INFO: "POST /cms/edit_news_category/ HTTP/1.1" 200 42
2018-12-07 23:34:01,409 - basehttp.py\log_message[line:124] - INFO: "GET /cms/news_category/ HTTP/1.1" 200 10599
2018-12-07 23:34:03,968 - views.py\delete_news_category[line:348] - WARNING: 删除文章分类:<QuerySet []>！
2018-12-07 23:34:04,018 - basehttp.py\log_message[line:124] - INFO: "POST /cms/delete_news_category/ HTTP/1.1" 200 42
2018-12-07 23:34:04,225 - basehttp.py\log_message[line:124] - INFO: "GET /cms/news_category/ HTTP/1.1" 200 10093
2018-12-07 23:34:15,825 - basehttp.py\log_message[line:124] - INFO: "GET /cms/news_category/ HTTP/1.1" 200 10093
2018-12-07 23:34:17,463 - basehttp.py\log_message[line:124] - INFO: "GET /cms/news_category/ HTTP/1.1" 200 10093
2018-12-07 23:34:18,404 - basehttp.py\log_message[line:124] - INFO: "GET /cms/news_category/ HTTP/1.1" 200 10093
2018-12-07 23:34:19,349 - basehttp.py\log_message[line:124] - INFO: "GET /cms/news_category/ HTTP/1.1" 200 10093
2018-12-07 23:34:22,385 - basehttp.py\log_message[line:124] - INFO: "GET /cms/news_category/ HTTP/1.1" 200 10093
2018-12-07 23:34:23,925 - basehttp.py\log_message[line:124] - INFO: "GET /cms/news_category/ HTTP/1.1" 200 10093
2018-12-07 23:34:24,684 - basehttp.py\log_message[line:124] - INFO: "GET /cms/news_category/ HTTP/1.1" 200 10093
2018-12-07 23:34:25,496 - basehttp.py\log_message[line:124] - INFO: "GET /cms/news_category/ HTTP/1.1" 200 10093
2018-12-07 23:34:26,452 - basehttp.py\log_message[line:124] - INFO: "GET /cms/news_category/ HTTP/1.1" 200 10093
2018-12-07 23:34:34,595 - basehttp.py\log_message[line:124] - INFO: "GET /cms/news_category/ HTTP/1.1" 200 10093
2018-12-07 23:34:35,135 - basehttp.py\log_message[line:124] - INFO: "GET /cms/news_category/ HTTP/1.1" 200 10093
2018-12-07 23:34:35,394 - basehttp.py\log_message[line:124] - INFO: "GET /cms/news_category/ HTTP/1.1" 200 10093
2018-12-07 23:34:36,340 - basehttp.py\log_message[line:124] - INFO: "GET /cms/news_category/ HTTP/1.1" 200 10093
2018-12-07 23:34:36,576 - basehttp.py\log_message[line:124] - INFO: "GET /cms/news_category/ HTTP/1.1" 200 10093
2018-12-07 23:36:05,250 - basehttp.py\log_message[line:124] - INFO: "GET /cms/news_category/ HTTP/1.1" 200 10093
2018-12-07 23:36:05,369 - basehttp.py\log_message[line:124] - INFO: "GET /static/adminlte/bower_components/bootstrap/dist/css/bootstrap.min.css HTTP/1.1" 200 121200
2018-12-07 23:36:05,372 - basehttp.py\log_message[line:124] - INFO: "GET /static/adminlte/bower_components/font-awesome/css/font-awesome.min.css HTTP/1.1" 200 31000
2018-12-07 23:36:05,374 - basehttp.py\log_message[line:124] - INFO: "GET /static/adminlte/dist/css/skins/_all-skins.min.css HTTP/1.1" 200 41583
2018-12-07 23:36:05,374 - basehttp.py\log_message[line:124] - INFO: "GET /static/adminlte/dist/css/AdminLTE.min.css HTTP/1.1" 200 91501
2018-12-07 23:36:05,399 - basehttp.py\log_message[line:124] - INFO: "GET /static/sweetalert/sweetalert.css HTTP/1.1" 200 22898
2018-12-07 23:36:05,400 - basehttp.py\log_message[line:124] - INFO: "GET /static/adminlte/bower_components/jquery/dist/jquery.min.js HTTP/1.1" 200 86927
2018-12-07 23:36:05,406 - basehttp.py\log_message[line:124] - INFO: "GET /static/adminlte/dist/js/adminlte.min.js HTTP/1.1" 200 14548
2018-12-07 23:36:05,406 - basehttp.py\log_message[line:124] - INFO: "GET /static/sweetalert/sweetalert.min.js HTTP/1.1" 200 16994
2018-12-07 23:36:05,407 - basehttp.py\log_message[line:124] - INFO: "GET /static/sweetalert/xfzalert.js HTTP/1.1" 200 5599
2018-12-07 23:36:05,407 - basehttp.py\log_message[line:124] - INFO: "GET /static/adminlte/bower_components/bootstrap/dist/js/bootstrap.min.js HTTP/1.1" 200 37045
2018-12-07 23:36:05,416 - basehttp.py\log_message[line:124] - INFO: "GET /static/js/cms_base.js HTTP/1.1" 200 1089
2018-12-07 23:36:05,417 - basehttp.py\log_message[line:124] - INFO: "GET /static/js/news_category.js HTTP/1.1" 200 6959
2018-12-07 23:36:05,492 - basehttp.py\log_message[line:124] - INFO: "GET /static/js/xfzajax.js HTTP/1.1" 200 1253
2018-12-07 23:36:05,581 - basehttp.py\log_message[line:124] - INFO: "GET /static/js/message.js HTTP/1.1" 200 3389
2018-12-07 23:36:05,616 - basehttp.py\log_message[line:124] - INFO: "GET /static/adminlte/bower_components/font-awesome/fonts/fontawesome-webfont.woff2?v=4.7.0 HTTP/1.1" 200 77160
2018-12-07 23:36:05,719 - basehttp.py\log_message[line:124] - INFO: "GET /static/images/favicon.ico HTTP/1.1" 200 9147
2018-12-07 23:36:09,049 - basehttp.py\log_message[line:124] - INFO: "GET /cms/news_category/ HTTP/1.1" 200 10093
2018-12-07 23:36:09,952 - basehttp.py\log_message[line:124] - INFO: "GET /cms/news_category/ HTTP/1.1" 200 10093
2018-12-07 23:36:11,955 - basehttp.py\log_message[line:124] - INFO: "GET /cms/news_category/ HTTP/1.1" 200 10093
2018-12-07 23:36:11,987 - basehttp.py\log_message[line:124] - INFO: "GET /static/adminlte/bower_components/bootstrap/dist/css/bootstrap.min.css HTTP/1.1" 200 121200
2018-12-07 23:36:11,993 - basehttp.py\log_message[line:124] - INFO: "GET /static/adminlte/bower_components/font-awesome/css/font-awesome.min.css HTTP/1.1" 200 31000
2018-12-07 23:36:11,997 - basehttp.py\log_message[line:124] - INFO: "GET /static/adminlte/dist/css/skins/_all-skins.min.css HTTP/1.1" 200 41583
2018-12-07 23:36:11,997 - basehttp.py\log_message[line:124] - INFO: "GET /static/sweetalert/sweetalert.css HTTP/1.1" 200 22898
2018-12-07 23:36:11,998 - basehttp.py\log_message[line:124] - INFO: "GET /static/adminlte/dist/css/AdminLTE.min.css HTTP/1.1" 200 91501
2018-12-07 23:36:11,998 - basehttp.py\log_message[line:124] - INFO: "GET /static/adminlte/bower_components/jquery/dist/jquery.min.js HTTP/1.1" 200 86927
2018-12-07 23:36:12,081 - basehttp.py\log_message[line:124] - INFO: "GET /static/adminlte/dist/js/adminlte.min.js HTTP/1.1" 200 14548
2018-12-07 23:36:12,082 - basehttp.py\log_message[line:124] - INFO: "GET /static/js/xfzajax.js HTTP/1.1" 200 1253
2018-12-07 23:36:12,083 - basehttp.py\log_message[line:124] - INFO: "GET /static/sweetalert/xfzalert.js HTTP/1.1" 200 5599
2018-12-07 23:36:12,084 - basehttp.py\log_message[line:124] - INFO: "GET /static/sweetalert/sweetalert.min.js HTTP/1.1" 200 16994
2018-12-07 23:36:12,084 - basehttp.py\log_message[line:124] - INFO: "GET /static/adminlte/bower_components/bootstrap/dist/js/bootstrap.min.js HTTP/1.1" 200 37045
2018-12-07 23:36:12,085 - basehttp.py\log_message[line:124] - INFO: "GET /static/js/message.js HTTP/1.1" 200 3389
2018-12-07 23:36:12,100 - basehttp.py\log_message[line:124] - INFO: "GET /static/js/cms_base.js HTTP/1.1" 200 1089
2018-12-07 23:36:12,101 - basehttp.py\log_message[line:124] - INFO: "GET /static/js/news_category.js HTTP/1.1" 200 6959
2018-12-07 23:36:12,125 - basehttp.py\log_message[line:124] - INFO: "GET /static/adminlte/bower_components/font-awesome/fonts/fontawesome-webfont.woff2?v=4.7.0 HTTP/1.1" 200 77160
2018-12-07 23:36:12,642 - basehttp.py\log_message[line:124] - INFO: "GET /static/images/favicon.ico HTTP/1.1" 200 9147
2018-12-07 23:36:12,663 - basehttp.py\log_message[line:124] - INFO: "GET /cms/news_category/ HTTP/1.1" 200 10093
2018-12-07 23:36:12,682 - basehttp.py\log_message[line:124] - INFO: "GET /static/adminlte/bower_components/bootstrap/dist/css/bootstrap.min.css HTTP/1.1" 200 121200
2018-12-07 23:36:12,689 - basehttp.py\log_message[line:124] - INFO: "GET /static/adminlte/bower_components/font-awesome/css/font-awesome.min.css HTTP/1.1" 200 31000
2018-12-07 23:36:12,693 - basehttp.py\log_message[line:124] - INFO: "GET /static/sweetalert/sweetalert.css HTTP/1.1" 200 22898
2018-12-07 23:36:12,693 - basehttp.py\log_message[line:124] - INFO: "GET /static/adminlte/dist/css/skins/_all-skins.min.css HTTP/1.1" 200 41583
2018-12-07 23:36:12,694 - basehttp.py\log_message[line:124] - INFO: "GET /static/adminlte/dist/css/AdminLTE.min.css HTTP/1.1" 200 91501
2018-12-07 23:36:12,694 - basehttp.py\log_message[line:124] - INFO: "GET /static/adminlte/bower_components/bootstrap/dist/js/bootstrap.min.js HTTP/1.1" 200 37045
2018-12-07 23:36:12,694 - basehttp.py\log_message[line:124] - INFO: "GET /static/adminlte/bower_components/jquery/dist/jquery.min.js HTTP/1.1" 200 86927
2018-12-07 23:36:12,724 - basehttp.py\log_message[line:124] - INFO: "GET /static/js/news_category.js HTTP/1.1" 200 6959
2018-12-07 23:36:12,725 - basehttp.py\log_message[line:124] - INFO: "GET /static/adminlte/dist/js/adminlte.min.js HTTP/1.1" 200 14548
2018-12-07 23:36:12,726 - basehttp.py\log_message[line:124] - INFO: "GET /static/sweetalert/xfzalert.js HTTP/1.1" 200 5599
2018-12-07 23:36:12,728 - basehttp.py\log_message[line:124] - INFO: "GET /static/js/xfzajax.js HTTP/1.1" 200 1253
2018-12-07 23:36:12,730 - basehttp.py\log_message[line:124] - INFO: "GET /static/js/message.js HTTP/1.1" 200 3389
2018-12-07 23:36:12,730 - basehttp.py\log_message[line:124] - INFO: "GET /static/sweetalert/sweetalert.min.js HTTP/1.1" 200 16994
2018-12-07 23:36:12,730 - basehttp.py\log_message[line:124] - INFO: "GET /static/js/cms_base.js HTTP/1.1" 200 1089
2018-12-07 23:36:12,751 - basehttp.py\log_message[line:124] - INFO: "GET /static/adminlte/bower_components/font-awesome/fonts/fontawesome-webfont.woff2?v=4.7.0 HTTP/1.1" 200 77160
2018-12-07 23:36:12,790 - basehttp.py\log_message[line:124] - INFO: "GET /cms/news_category/ HTTP/1.1" 200 10093
2018-12-07 23:36:12,808 - basehttp.py\log_message[line:124] - INFO: "GET /static/adminlte/bower_components/font-awesome/css/font-awesome.min.css HTTP/1.1" 200 31000
2018-12-07 23:36:12,818 - basehttp.py\log_message[line:124] - INFO: "GET /static/sweetalert/sweetalert.css HTTP/1.1" 200 22898
2018-12-07 23:36:12,818 - basehttp.py\log_message[line:124] - INFO: "GET /static/adminlte/dist/css/skins/_all-skins.min.css HTTP/1.1" 200 41583
2018-12-07 23:36:12,819 - basehttp.py\log_message[line:124] - INFO: "GET /static/adminlte/bower_components/bootstrap/dist/css/bootstrap.min.css HTTP/1.1" 200 121200
2018-12-07 23:36:12,823 - basehttp.py\log_message[line:124] - INFO: "GET /static/adminlte/dist/css/AdminLTE.min.css HTTP/1.1" 200 91501
2018-12-07 23:36:12,824 - basehttp.py\log_message[line:124] - INFO: "GET /static/adminlte/bower_components/bootstrap/dist/js/bootstrap.min.js HTTP/1.1" 200 37045
2018-12-07 23:36:12,824 - basehttp.py\log_message[line:124] - INFO: "GET /static/adminlte/bower_components/jquery/dist/jquery.min.js HTTP/1.1" 200 86927
2018-12-07 23:36:12,837 - basehttp.py\log_message[line:124] - INFO: "GET /static/sweetalert/sweetalert.min.js HTTP/1.1" 200 16994
2018-12-07 23:36:12,840 - basehttp.py\log_message[line:124] - INFO: "GET /static/adminlte/dist/js/adminlte.min.js HTTP/1.1" 200 14548
2018-12-07 23:36:12,840 - basehttp.py\log_message[line:124] - INFO: "GET /static/sweetalert/xfzalert.js HTTP/1.1" 200 5599
2018-12-07 23:36:12,844 - basehttp.py\log_message[line:124] - INFO: "GET /static/js/xfzajax.js HTTP/1.1" 200 1253
2018-12-07 23:36:12,853 - basehttp.py\log_message[line:124] - INFO: "GET /static/js/cms_base.js HTTP/1.1" 200 1089
2018-12-07 23:36:12,855 - basehttp.py\log_message[line:124] - INFO: "GET /static/js/message.js HTTP/1.1" 200 3389
2018-12-07 23:36:12,856 - basehttp.py\log_message[line:124] - INFO: "GET /static/js/news_category.js HTTP/1.1" 200 6959
2018-12-07 23:36:12,897 - basehttp.py\log_message[line:124] - INFO: "GET /static/adminlte/bower_components/font-awesome/fonts/fontawesome-webfont.woff2?v=4.7.0 HTTP/1.1" 200 77160
2018-12-07 23:36:12,937 - basehttp.py\log_message[line:124] - INFO: "GET /static/images/favicon.ico HTTP/1.1" 200 9147
2018-12-07 23:36:13,364 - basehttp.py\log_message[line:124] - INFO: "GET /cms/news_category/ HTTP/1.1" 200 10093
2018-12-07 23:36:13,400 - basehttp.py\log_message[line:124] - INFO: "GET /static/adminlte/bower_components/bootstrap/dist/css/bootstrap.min.css HTTP/1.1" 200 121200
2018-12-07 23:36:13,413 - basehttp.py\log_message[line:124] - INFO: "GET /static/adminlte/bower_components/font-awesome/css/font-awesome.min.css HTTP/1.1" 200 31000
2018-12-07 23:36:13,416 - basehttp.py\log_message[line:124] - INFO: "GET /static/adminlte/dist/css/skins/_all-skins.min.css HTTP/1.1" 200 41583
2018-12-07 23:36:13,425 - basehttp.py\log_message[line:124] - INFO: "GET /static/adminlte/dist/css/AdminLTE.min.css HTTP/1.1" 200 91501
2018-12-07 23:36:13,427 - basehttp.py\log_message[line:124] - INFO: "GET /static/adminlte/dist/js/adminlte.min.js HTTP/1.1" 200 14548
2018-12-07 23:36:13,427 - basehttp.py\log_message[line:124] - INFO: "GET /static/adminlte/bower_components/bootstrap/dist/js/bootstrap.min.js HTTP/1.1" 200 37045
2018-12-07 23:36:13,427 - basehttp.py\log_message[line:124] - INFO: "GET /static/adminlte/bower_components/jquery/dist/jquery.min.js HTTP/1.1" 200 86927
2018-12-07 23:36:13,428 - basehttp.py\log_message[line:124] - INFO: "GET /static/sweetalert/sweetalert.css HTTP/1.1" 200 22898
2018-12-07 23:36:13,448 - basehttp.py\log_message[line:124] - INFO: "GET /static/sweetalert/xfzalert.js HTTP/1.1" 200 5599
2018-12-07 23:36:13,449 - basehttp.py\log_message[line:124] - INFO: "GET /static/sweetalert/sweetalert.min.js HTTP/1.1" 200 16994
2018-12-07 23:36:13,474 - basehttp.py\log_message[line:124] - INFO: "GET /static/js/xfzajax.js HTTP/1.1" 200 1253
2018-12-07 23:36:13,475 - basehttp.py\log_message[line:124] - INFO: "GET /static/js/cms_base.js HTTP/1.1" 200 1089
2018-12-07 23:36:13,476 - basehttp.py\log_message[line:124] - INFO: "GET /static/js/news_category.js HTTP/1.1" 200 6959
2018-12-07 23:36:13,477 - basehttp.py\log_message[line:124] - INFO: "GET /static/js/message.js HTTP/1.1" 200 3389
2018-12-07 23:36:13,516 - basehttp.py\log_message[line:124] - INFO: "GET /static/adminlte/bower_components/font-awesome/fonts/fontawesome-webfont.woff2?v=4.7.0 HTTP/1.1" 200 77160
2018-12-07 23:36:13,565 - basehttp.py\log_message[line:124] - INFO: "GET /static/images/favicon.ico HTTP/1.1" 200 9147
2018-12-07 23:36:13,600 - basehttp.py\log_message[line:124] - INFO: "GET /cms/news_category/ HTTP/1.1" 200 10093
2018-12-07 23:36:13,630 - basehttp.py\log_message[line:124] - INFO: "GET /static/adminlte/bower_components/font-awesome/css/font-awesome.min.css HTTP/1.1" 200 31000
2018-12-07 23:36:13,631 - basehttp.py\log_message[line:124] - INFO: "GET /static/adminlte/dist/css/skins/_all-skins.min.css HTTP/1.1" 200 41583
2018-12-07 23:36:13,632 - basehttp.py\log_message[line:124] - INFO: "GET /static/sweetalert/sweetalert.css HTTP/1.1" 200 22898
2018-12-07 23:36:13,632 - basehttp.py\log_message[line:124] - INFO: "GET /static/adminlte/dist/css/AdminLTE.min.css HTTP/1.1" 200 91501
2018-12-07 23:36:13,632 - basehttp.py\log_message[line:124] - INFO: "GET /static/adminlte/bower_components/jquery/dist/jquery.min.js HTTP/1.1" 200 86927
2018-12-07 23:36:13,632 - basehttp.py\log_message[line:124] - INFO: "GET /static/adminlte/bower_components/bootstrap/dist/css/bootstrap.min.css HTTP/1.1" 200 121200
2018-12-07 23:36:13,649 - basehttp.py\log_message[line:124] - INFO: "GET /static/adminlte/bower_components/bootstrap/dist/js/bootstrap.min.js HTTP/1.1" 200 37045
2018-12-07 23:36:13,655 - basehttp.py\log_message[line:124] - INFO: "GET /static/sweetalert/sweetalert.min.js HTTP/1.1" 200 16994
2018-12-07 23:36:13,656 - basehttp.py\log_message[line:124] - INFO: "GET /static/adminlte/dist/js/adminlte.min.js HTTP/1.1" 200 14548
2018-12-07 23:36:13,663 - basehttp.py\log_message[line:124] - INFO: "GET /static/sweetalert/xfzalert.js HTTP/1.1" 200 5599
2018-12-07 23:36:13,664 - basehttp.py\log_message[line:124] - INFO: "GET /static/js/xfzajax.js HTTP/1.1" 200 1253
2018-12-07 23:36:13,668 - basehttp.py\log_message[line:124] - INFO: "GET /static/js/cms_base.js HTTP/1.1" 200 1089
2018-12-07 23:36:13,668 - basehttp.py\log_message[line:124] - INFO: "GET /static/js/message.js HTTP/1.1" 200 3389
2018-12-07 23:36:13,694 - basehttp.py\log_message[line:124] - INFO: "GET /static/js/news_category.js HTTP/1.1" 200 6959
2018-12-07 23:36:13,707 - basehttp.py\log_message[line:124] - INFO: "GET /static/adminlte/bower_components/font-awesome/fonts/fontawesome-webfont.woff2?v=4.7.0 HTTP/1.1" 200 77160
2018-12-07 23:36:13,863 - basehttp.py\log_message[line:124] - INFO: "GET /cms/news_category/ HTTP/1.1" 200 10093
2018-12-07 23:36:13,897 - basehttp.py\log_message[line:124] - INFO: "GET /static/adminlte/bower_components/font-awesome/css/font-awesome.min.css HTTP/1.1" 200 31000
2018-12-07 23:36:13,898 - basehttp.py\log_message[line:124] - INFO: "GET /static/adminlte/dist/css/AdminLTE.min.css HTTP/1.1" 200 91501
2018-12-07 23:36:13,898 - basehttp.py\log_message[line:124] - INFO: "GET /static/adminlte/bower_components/bootstrap/dist/css/bootstrap.min.css HTTP/1.1" 200 121200
2018-12-07 23:36:13,984 - basehttp.py\log_message[line:124] - INFO: "GET /static/adminlte/dist/css/skins/_all-skins.min.css HTTP/1.1" 200 41583
2018-12-07 23:36:14,001 - basehttp.py\log_message[line:124] - INFO: "GET /static/sweetalert/sweetalert.css HTTP/1.1" 200 22898
2018-12-07 23:36:14,006 - basehttp.py\log_message[line:124] - INFO: "GET /static/adminlte/bower_components/jquery/dist/jquery.min.js HTTP/1.1" 200 86927
2018-12-07 23:36:14,023 - basehttp.py\log_message[line:124] - INFO: "GET /static/adminlte/dist/js/adminlte.min.js HTTP/1.1" 200 14548
2018-12-07 23:36:14,025 - basehttp.py\log_message[line:124] - INFO: "GET /static/adminlte/bower_components/bootstrap/dist/js/bootstrap.min.js HTTP/1.1" 200 37045
2018-12-07 23:36:14,026 - basehttp.py\log_message[line:124] - INFO: "GET /static/sweetalert/xfzalert.js HTTP/1.1" 200 5599
2018-12-07 23:36:14,027 - basehttp.py\log_message[line:124] - INFO: "GET /static/sweetalert/sweetalert.min.js HTTP/1.1" 200 16994
2018-12-07 23:36:14,066 - basehttp.py\log_message[line:124] - INFO: "GET /static/js/message.js HTTP/1.1" 200 3389
2018-12-07 23:36:14,066 - basehttp.py\log_message[line:124] - INFO: "GET /static/js/xfzajax.js HTTP/1.1" 200 1253
2018-12-07 23:36:14,067 - basehttp.py\log_message[line:124] - INFO: "GET /static/js/cms_base.js HTTP/1.1" 200 1089
2018-12-07 23:36:14,067 - basehttp.py\log_message[line:124] - INFO: "GET /static/js/news_category.js HTTP/1.1" 200 6959
2018-12-07 23:36:14,099 - basehttp.py\log_message[line:124] - INFO: "GET /cms/news_category/ HTTP/1.1" 200 10093
2018-12-07 23:36:14,102 - basehttp.py\log_message[line:124] - INFO: "GET /static/adminlte/bower_components/font-awesome/fonts/fontawesome-webfont.woff2?v=4.7.0 HTTP/1.1" 200 77160
2018-12-07 23:36:14,136 - basehttp.py\log_message[line:124] - INFO: "GET /static/adminlte/bower_components/font-awesome/css/font-awesome.min.css HTTP/1.1" 200 31000
2018-12-07 23:36:14,142 - basehttp.py\log_message[line:124] - INFO: "GET /static/adminlte/dist/css/skins/_all-skins.min.css HTTP/1.1" 200 41583
2018-12-07 23:36:14,144 - basehttp.py\log_message[line:124] - INFO: "GET /static/sweetalert/sweetalert.css HTTP/1.1" 200 22898
2018-12-07 23:36:14,145 - basehttp.py\log_message[line:124] - INFO: "GET /static/adminlte/dist/css/AdminLTE.min.css HTTP/1.1" 200 91501
2018-12-07 23:36:14,145 - basehttp.py\log_message[line:124] - INFO: "GET /static/adminlte/bower_components/bootstrap/dist/css/bootstrap.min.css HTTP/1.1" 200 121200
2018-12-07 23:36:14,146 - basehttp.py\log_message[line:124] - INFO: "GET /static/adminlte/dist/js/adminlte.min.js HTTP/1.1" 200 14548
2018-12-07 23:36:14,147 - basehttp.py\log_message[line:124] - INFO: "GET /static/adminlte/bower_components/jquery/dist/jquery.min.js HTTP/1.1" 200 86927
2018-12-07 23:36:14,159 - basehttp.py\log_message[line:124] - INFO: "GET /static/js/message.js HTTP/1.1" 200 3389
2018-12-07 23:36:14,161 - basehttp.py\log_message[line:124] - INFO: "GET /static/js/xfzajax.js HTTP/1.1" 200 1253
2018-12-07 23:36:14,161 - basehttp.py\log_message[line:124] - INFO: "GET /static/js/cms_base.js HTTP/1.1" 200 1089
2018-12-07 23:36:14,162 - basehttp.py\log_message[line:124] - INFO: "GET /static/js/news_category.js HTTP/1.1" 200 6959
2018-12-07 23:36:14,162 - basehttp.py\log_message[line:124] - INFO: "GET /static/sweetalert/sweetalert.min.js HTTP/1.1" 200 16994
2018-12-07 23:36:14,176 - basehttp.py\log_message[line:124] - INFO: "GET /static/adminlte/bower_components/bootstrap/dist/js/bootstrap.min.js HTTP/1.1" 200 37045
2018-12-07 23:36:14,176 - basehttp.py\log_message[line:124] - INFO: "GET /static/sweetalert/xfzalert.js HTTP/1.1" 200 5599
2018-12-07 23:36:14,202 - basehttp.py\log_message[line:124] - INFO: "GET /cms/news_category/ HTTP/1.1" 200 10093
2018-12-07 23:36:14,206 - basehttp.py\log_message[line:124] - INFO: "GET /static/adminlte/bower_components/font-awesome/fonts/fontawesome-webfont.woff2?v=4.7.0 HTTP/1.1" 200 77160
2018-12-07 23:36:14,240 - basehttp.py\log_message[line:124] - INFO: "GET /static/adminlte/bower_components/font-awesome/css/font-awesome.min.css HTTP/1.1" 200 31000
2018-12-07 23:36:14,240 - basehttp.py\log_message[line:124] - INFO: "GET /static/sweetalert/sweetalert.css HTTP/1.1" 200 22898
2018-12-07 23:36:14,241 - basehttp.py\log_message[line:124] - INFO: "GET /static/adminlte/bower_components/bootstrap/dist/css/bootstrap.min.css HTTP/1.1" 200 121200
2018-12-07 23:36:14,241 - basehttp.py\log_message[line:124] - INFO: "GET /static/adminlte/dist/css/AdminLTE.min.css HTTP/1.1" 200 91501
2018-12-07 23:36:14,244 - basehttp.py\log_message[line:124] - INFO: "GET /static/adminlte/dist/css/skins/_all-skins.min.css HTTP/1.1" 200 41583
2018-12-07 23:36:14,246 - basehttp.py\log_message[line:124] - INFO: "GET /static/adminlte/bower_components/jquery/dist/jquery.min.js HTTP/1.1" 200 86927
2018-12-07 23:36:14,246 - basehttp.py\log_message[line:124] - INFO: "GET /static/adminlte/dist/js/adminlte.min.js HTTP/1.1" 200 14548
2018-12-07 23:36:14,250 - basehttp.py\log_message[line:124] - INFO: "GET /static/js/xfzajax.js HTTP/1.1" 200 1253
2018-12-07 23:36:14,250 - basehttp.py\log_message[line:124] - INFO: "GET /static/sweetalert/xfzalert.js HTTP/1.1" 200 5599
2018-12-07 23:36:14,250 - basehttp.py\log_message[line:124] - INFO: "GET /static/sweetalert/sweetalert.min.js HTTP/1.1" 200 16994
2018-12-07 23:36:14,262 - basehttp.py\log_message[line:124] - INFO: "GET /static/js/message.js HTTP/1.1" 200 3389
2018-12-07 23:36:14,262 - basehttp.py\log_message[line:124] - INFO: "GET /static/js/cms_base.js HTTP/1.1" 200 1089
2018-12-07 23:36:14,266 - basehttp.py\log_message[line:124] - INFO: "GET /static/js/news_category.js HTTP/1.1" 200 6959
2018-12-07 23:36:14,267 - basehttp.py\log_message[line:124] - INFO: "GET /static/adminlte/bower_components/bootstrap/dist/js/bootstrap.min.js HTTP/1.1" 200 37045
2018-12-07 23:36:14,297 - basehttp.py\log_message[line:124] - INFO: "GET /static/adminlte/bower_components/font-awesome/fonts/fontawesome-webfont.woff2?v=4.7.0 HTTP/1.1" 200 77160
2018-12-07 23:36:14,339 - basehttp.py\log_message[line:124] - INFO: "GET /static/images/favicon.ico HTTP/1.1" 200 9147
2018-12-07 23:36:14,569 - basehttp.py\log_message[line:124] - INFO: "GET /cms/news_category/ HTTP/1.1" 200 10093
2018-12-07 23:36:14,611 - basehttp.py\log_message[line:124] - INFO: "GET /static/adminlte/bower_components/font-awesome/css/font-awesome.min.css HTTP/1.1" 200 31000
2018-12-07 23:36:14,615 - basehttp.py\log_message[line:124] - INFO: "GET /static/adminlte/bower_components/bootstrap/dist/css/bootstrap.min.css HTTP/1.1" 200 121200
2018-12-07 23:36:14,615 - basehttp.py\log_message[line:124] - INFO: "GET /static/sweetalert/sweetalert.css HTTP/1.1" 200 22898
2018-12-07 23:36:14,615 - basehttp.py\log_message[line:124] - INFO: "GET /static/adminlte/dist/css/skins/_all-skins.min.css HTTP/1.1" 200 41583
2018-12-07 23:36:14,615 - basehttp.py\log_message[line:124] - INFO: "GET /static/adminlte/dist/css/AdminLTE.min.css HTTP/1.1" 200 91501
2018-12-07 23:36:14,617 - basehttp.py\log_message[line:124] - INFO: "GET /static/adminlte/bower_components/jquery/dist/jquery.min.js HTTP/1.1" 200 86927
2018-12-07 23:36:14,615 - basehttp.py\log_message[line:124] - INFO: "GET /static/adminlte/dist/js/adminlte.min.js HTTP/1.1" 200 14548
2018-12-07 23:36:14,631 - basehttp.py\log_message[line:124] - INFO: "GET /static/sweetalert/sweetalert.min.js HTTP/1.1" 200 16994
2018-12-07 23:36:14,631 - basehttp.py\log_message[line:124] - INFO: "GET /static/js/xfzajax.js HTTP/1.1" 200 1253
2018-12-07 23:36:14,633 - basehttp.py\log_message[line:124] - INFO: "GET /static/sweetalert/xfzalert.js HTTP/1.1" 200 5599
2018-12-07 23:36:14,636 - basehttp.py\log_message[line:124] - INFO: "GET /static/js/cms_base.js HTTP/1.1" 200 1089
2018-12-07 23:36:14,636 - basehttp.py\log_message[line:124] - INFO: "GET /static/js/message.js HTTP/1.1" 200 3389
2018-12-07 23:36:14,648 - basehttp.py\log_message[line:124] - INFO: "GET /static/js/news_category.js HTTP/1.1" 200 6959
2018-12-07 23:36:14,648 - basehttp.py\log_message[line:124] - INFO: "GET /static/adminlte/bower_components/bootstrap/dist/js/bootstrap.min.js HTTP/1.1" 200 37045
2018-12-07 23:36:14,681 - basehttp.py\log_message[line:124] - INFO: "GET /static/adminlte/bower_components/font-awesome/fonts/fontawesome-webfont.woff2?v=4.7.0 HTTP/1.1" 200 77160
2018-12-07 23:36:14,725 - basehttp.py\log_message[line:124] - INFO: "GET /static/images/favicon.ico HTTP/1.1" 200 9147
2018-12-07 23:36:14,753 - basehttp.py\log_message[line:124] - INFO: "GET /cms/news_category/ HTTP/1.1" 200 10093
2018-12-07 23:36:14,778 - basehttp.py\log_message[line:124] - INFO: "GET /static/adminlte/bower_components/font-awesome/css/font-awesome.min.css HTTP/1.1" 200 31000
2018-12-07 23:36:14,786 - basehttp.py\log_message[line:124] - INFO: "GET /static/adminlte/bower_components/bootstrap/dist/css/bootstrap.min.css HTTP/1.1" 200 121200
2018-12-07 23:36:14,787 - basehttp.py\log_message[line:124] - INFO: "GET /static/adminlte/dist/css/skins/_all-skins.min.css HTTP/1.1" 200 41583
2018-12-07 23:36:14,788 - basehttp.py\log_message[line:124] - INFO: "GET /static/adminlte/dist/js/adminlte.min.js HTTP/1.1" 200 14548
2018-12-07 23:36:14,789 - basehttp.py\log_message[line:124] - INFO: "GET /static/adminlte/dist/css/AdminLTE.min.css HTTP/1.1" 200 91501
2018-12-07 23:36:14,789 - basehttp.py\log_message[line:124] - INFO: "GET /static/sweetalert/sweetalert.css HTTP/1.1" 200 22898
2018-12-07 23:36:14,790 - basehttp.py\log_message[line:124] - INFO: "GET /static/adminlte/bower_components/jquery/dist/jquery.min.js HTTP/1.1" 200 86927
2018-12-07 23:36:14,813 - basehttp.py\log_message[line:124] - INFO: "GET /static/sweetalert/xfzalert.js HTTP/1.1" 200 5599
2018-12-07 23:36:14,813 - basehttp.py\log_message[line:124] - INFO: "GET /static/js/xfzajax.js HTTP/1.1" 200 1253
2018-12-07 23:36:14,813 - basehttp.py\log_message[line:124] - INFO: "GET /static/js/message.js HTTP/1.1" 200 3389
2018-12-07 23:36:14,815 - basehttp.py\log_message[line:124] - INFO: "GET /static/js/cms_base.js HTTP/1.1" 200 1089
2018-12-07 23:36:14,815 - basehttp.py\log_message[line:124] - INFO: "GET /static/js/news_category.js HTTP/1.1" 200 6959
2018-12-07 23:36:14,828 - basehttp.py\log_message[line:124] - INFO: "GET /static/sweetalert/sweetalert.min.js HTTP/1.1" 200 16994
2018-12-07 23:36:14,829 - basehttp.py\log_message[line:124] - INFO: "GET /static/adminlte/bower_components/bootstrap/dist/js/bootstrap.min.js HTTP/1.1" 200 37045
2018-12-07 23:36:14,858 - basehttp.py\log_message[line:124] - INFO: "GET /static/adminlte/bower_components/font-awesome/fonts/fontawesome-webfont.woff2?v=4.7.0 HTTP/1.1" 200 77160
2018-12-07 23:36:14,905 - basehttp.py\log_message[line:124] - INFO: "GET /static/images/favicon.ico HTTP/1.1" 200 9147
2018-12-07 23:36:14,921 - basehttp.py\log_message[line:124] - INFO: "GET /cms/news_category/ HTTP/1.1" 200 10093
2018-12-07 23:36:14,950 - basehttp.py\log_message[line:124] - INFO: "GET /static/adminlte/bower_components/font-awesome/css/font-awesome.min.css HTTP/1.1" 200 31000
2018-12-07 23:36:14,952 - basehttp.py\log_message[line:124] - INFO: "GET /static/sweetalert/sweetalert.css HTTP/1.1" 200 22898
2018-12-07 23:36:14,952 - basehttp.py\log_message[line:124] - INFO: "GET /static/adminlte/bower_components/bootstrap/dist/css/bootstrap.min.css HTTP/1.1" 200 121200
2018-12-07 23:36:14,952 - basehttp.py\log_message[line:124] - INFO: "GET /static/adminlte/dist/css/AdminLTE.min.css HTTP/1.1" 200 91501
2018-12-07 23:36:14,955 - basehttp.py\log_message[line:124] - INFO: "GET /static/adminlte/dist/css/skins/_all-skins.min.css HTTP/1.1" 200 41583
2018-12-07 23:36:14,958 - basehttp.py\log_message[line:124] - INFO: "GET /static/adminlte/dist/js/adminlte.min.js HTTP/1.1" 200 14548
2018-12-07 23:36:14,958 - basehttp.py\log_message[line:124] - INFO: "GET /static/adminlte/bower_components/jquery/dist/jquery.min.js HTTP/1.1" 200 86927
2018-12-07 23:36:14,976 - basehttp.py\log_message[line:124] - INFO: "GET /static/js/cms_base.js HTTP/1.1" 200 1089
2018-12-07 23:36:14,977 - basehttp.py\log_message[line:124] - INFO: "GET /static/js/xfzajax.js HTTP/1.1" 200 1253
2018-12-07 23:36:14,977 - basehttp.py\log_message[line:124] - INFO: "GET /static/sweetalert/xfzalert.js HTTP/1.1" 200 5599
2018-12-07 23:36:14,978 - basehttp.py\log_message[line:124] - INFO: "GET /static/js/message.js HTTP/1.1" 200 3389
2018-12-07 23:36:14,998 - basehttp.py\log_message[line:124] - INFO: "GET /static/js/news_category.js HTTP/1.1" 200 6959
2018-12-07 23:36:15,003 - basehttp.py\log_message[line:124] - INFO: "GET /static/sweetalert/sweetalert.min.js HTTP/1.1" 200 16994
2018-12-07 23:36:15,005 - basehttp.py\log_message[line:124] - INFO: "GET /static/adminlte/bower_components/bootstrap/dist/js/bootstrap.min.js HTTP/1.1" 200 37045
2018-12-07 23:36:15,028 - basehttp.py\log_message[line:124] - INFO: "GET /static/adminlte/bower_components/font-awesome/fonts/fontawesome-webfont.woff2?v=4.7.0 HTTP/1.1" 200 77160
2018-12-07 23:36:15,084 - basehttp.py\log_message[line:124] - INFO: "GET /cms/news_category/ HTTP/1.1" 200 10093
2018-12-07 23:36:15,100 - basehttp.py\log_message[line:124] - INFO: "GET /static/adminlte/bower_components/bootstrap/dist/css/bootstrap.min.css HTTP/1.1" 200 121200
2018-12-07 23:36:15,108 - basehttp.py\log_message[line:124] - INFO: "GET /static/adminlte/bower_components/font-awesome/css/font-awesome.min.css HTTP/1.1" 200 31000
2018-12-07 23:36:15,116 - basehttp.py\log_message[line:124] - INFO: "GET /static/sweetalert/sweetalert.css HTTP/1.1" 200 22898
2018-12-07 23:36:15,117 - basehttp.py\log_message[line:124] - INFO: "GET /static/adminlte/dist/css/skins/_all-skins.min.css HTTP/1.1" 200 41583
2018-12-07 23:36:15,117 - basehttp.py\log_message[line:124] - INFO: "GET /static/adminlte/dist/js/adminlte.min.js HTTP/1.1" 200 14548
2018-12-07 23:36:15,118 - basehttp.py\log_message[line:124] - INFO: "GET /static/sweetalert/sweetalert.min.js HTTP/1.1" 200 16994
2018-12-07 23:36:15,118 - basehttp.py\log_message[line:124] - INFO: "GET /static/adminlte/dist/css/AdminLTE.min.css HTTP/1.1" 200 91501
2018-12-07 23:36:15,122 - basehttp.py\log_message[line:124] - INFO: "GET /static/adminlte/bower_components/jquery/dist/jquery.min.js HTTP/1.1" 200 86927
2018-12-07 23:36:15,129 - basehttp.py\log_message[line:124] - INFO: "GET /static/js/xfzajax.js HTTP/1.1" 200 1253
2018-12-07 23:36:15,130 - basehttp.py\log_message[line:124] - INFO: "GET /static/sweetalert/xfzalert.js HTTP/1.1" 200 5599
2018-12-07 23:36:15,130 - basehttp.py\log_message[line:124] - INFO: "GET /static/js/message.js HTTP/1.1" 200 3389
2018-12-07 23:36:15,132 - basehttp.py\log_message[line:124] - INFO: "GET /static/js/cms_base.js HTTP/1.1" 200 1089
2018-12-07 23:36:15,133 - basehttp.py\log_message[line:124] - INFO: "GET /static/js/news_category.js HTTP/1.1" 200 6959
2018-12-07 23:36:15,134 - basehttp.py\log_message[line:124] - INFO: "GET /static/adminlte/bower_components/bootstrap/dist/js/bootstrap.min.js HTTP/1.1" 200 37045
2018-12-07 23:36:15,160 - basehttp.py\log_message[line:124] - INFO: "GET /static/adminlte/bower_components/font-awesome/fonts/fontawesome-webfont.woff2?v=4.7.0 HTTP/1.1" 200 77160
2018-12-07 23:36:15,198 - basehttp.py\log_message[line:124] - INFO: "GET /static/images/favicon.ico HTTP/1.1" 200 9147
2018-12-07 23:36:15,305 - basehttp.py\log_message[line:124] - INFO: "GET /cms/news_category/ HTTP/1.1" 200 10093
2018-12-07 23:36:15,327 - basehttp.py\log_message[line:124] - INFO: "GET /static/adminlte/bower_components/font-awesome/css/font-awesome.min.css HTTP/1.1" 200 31000
2018-12-07 23:36:15,328 - basehttp.py\log_message[line:124] - INFO: "GET /static/adminlte/bower_components/bootstrap/dist/css/bootstrap.min.css HTTP/1.1" 200 121200
2018-12-07 23:36:15,438 - basehttp.py\log_message[line:124] - INFO: "GET /static/sweetalert/sweetalert.css HTTP/1.1" 200 22898
2018-12-07 23:36:15,442 - basehttp.py\log_message[line:124] - INFO: "GET /static/adminlte/dist/css/AdminLTE.min.css HTTP/1.1" 200 91501
2018-12-07 23:36:15,444 - basehttp.py\log_message[line:124] - INFO: "GET /static/adminlte/dist/css/skins/_all-skins.min.css HTTP/1.1" 200 41583
2018-12-07 23:36:15,448 - basehttp.py\log_message[line:124] - INFO: "GET /static/adminlte/bower_components/jquery/dist/jquery.min.js HTTP/1.1" 200 86927
2018-12-07 23:36:15,449 - basehttp.py\log_message[line:124] - INFO: "GET /static/adminlte/bower_components/bootstrap/dist/js/bootstrap.min.js HTTP/1.1" 200 37045
2018-12-07 23:36:15,451 - basehttp.py\log_message[line:124] - INFO: "GET /static/adminlte/dist/js/adminlte.min.js HTTP/1.1" 200 14548
2018-12-07 23:36:15,456 - basehttp.py\log_message[line:124] - INFO: "GET /static/sweetalert/sweetalert.min.js HTTP/1.1" 200 16994
2018-12-07 23:36:15,471 - basehttp.py\log_message[line:124] - INFO: "GET /static/js/xfzajax.js HTTP/1.1" 200 1253
2018-12-07 23:36:15,472 - basehttp.py\log_message[line:124] - INFO: "GET /static/sweetalert/xfzalert.js HTTP/1.1" 200 5599
2018-12-07 23:36:15,473 - basehttp.py\log_message[line:124] - INFO: "GET /static/js/message.js HTTP/1.1" 200 3389
2018-12-07 23:36:15,473 - basehttp.py\log_message[line:124] - INFO: "GET /static/js/news_category.js HTTP/1.1" 200 6959
2018-12-07 23:36:15,473 - basehttp.py\log_message[line:124] - INFO: "GET /static/js/cms_base.js HTTP/1.1" 200 1089
2018-12-07 23:36:15,499 - basehttp.py\log_message[line:124] - INFO: "GET /cms/news_category/ HTTP/1.1" 200 10093
2018-12-07 23:36:15,501 - basehttp.py\log_message[line:124] - INFO: "GET /static/adminlte/bower_components/font-awesome/fonts/fontawesome-webfont.woff2?v=4.7.0 HTTP/1.1" 200 77160
2018-12-07 23:36:15,539 - basehttp.py\log_message[line:124] - INFO: "GET /static/adminlte/bower_components/font-awesome/css/font-awesome.min.css HTTP/1.1" 200 31000
2018-12-07 23:36:15,548 - basehttp.py\log_message[line:124] - INFO: "GET /static/adminlte/bower_components/bootstrap/dist/css/bootstrap.min.css HTTP/1.1" 200 121200
2018-12-07 23:36:15,548 - basehttp.py\log_message[line:124] - INFO: "GET /static/sweetalert/sweetalert.css HTTP/1.1" 200 22898
2018-12-07 23:36:15,549 - basehttp.py\log_message[line:124] - INFO: "GET /static/adminlte/dist/css/skins/_all-skins.min.css HTTP/1.1" 200 41583
2018-12-07 23:36:15,550 - basehttp.py\log_message[line:124] - INFO: "GET /static/adminlte/bower_components/jquery/dist/jquery.min.js HTTP/1.1" 200 86927
2018-12-07 23:36:15,550 - basehttp.py\log_message[line:124] - INFO: "GET /static/adminlte/dist/css/AdminLTE.min.css HTTP/1.1" 200 91501
2018-12-07 23:36:15,550 - basehttp.py\log_message[line:124] - INFO: "GET /static/adminlte/bower_components/bootstrap/dist/js/bootstrap.min.js HTTP/1.1" 200 37045
2018-12-07 23:36:15,556 - basehttp.py\log_message[line:124] - INFO: "GET /static/js/xfzajax.js HTTP/1.1" 200 1253
2018-12-07 23:36:15,556 - basehttp.py\log_message[line:124] - INFO: "GET /static/js/cms_base.js HTTP/1.1" 200 1089
2018-12-07 23:36:15,556 - basehttp.py\log_message[line:124] - INFO: "GET /static/js/message.js HTTP/1.1" 200 3389
2018-12-07 23:36:15,560 - basehttp.py\log_message[line:124] - INFO: "GET /static/js/news_category.js HTTP/1.1" 200 6959
2018-12-07 23:36:15,560 - basehttp.py\log_message[line:124] - INFO: "GET /static/adminlte/dist/js/adminlte.min.js HTTP/1.1" 200 14548
2018-12-07 23:36:15,568 - basehttp.py\log_message[line:124] - INFO: "GET /static/sweetalert/xfzalert.js HTTP/1.1" 200 5599
2018-12-07 23:36:15,568 - basehttp.py\log_message[line:124] - INFO: "GET /static/sweetalert/sweetalert.min.js HTTP/1.1" 200 16994
2018-12-07 23:36:15,595 - basehttp.py\log_message[line:124] - INFO: "GET /static/adminlte/bower_components/font-awesome/fonts/fontawesome-webfont.woff2?v=4.7.0 HTTP/1.1" 200 77160
2018-12-07 23:36:15,619 - basehttp.py\log_message[line:124] - INFO: "GET /cms/news_category/ HTTP/1.1" 200 10093
2018-12-07 23:36:15,644 - basehttp.py\log_message[line:124] - INFO: "GET /static/adminlte/bower_components/bootstrap/dist/css/bootstrap.min.css HTTP/1.1" 200 121200
2018-12-07 23:36:15,648 - basehttp.py\log_message[line:124] - INFO: "GET /static/adminlte/bower_components/font-awesome/css/font-awesome.min.css HTTP/1.1" 200 31000
2018-12-07 23:36:15,657 - basehttp.py\log_message[line:124] - INFO: "GET /static/adminlte/dist/css/AdminLTE.min.css HTTP/1.1" 200 91501
2018-12-07 23:36:15,660 - basehttp.py\log_message[line:124] - INFO: "GET /static/adminlte/dist/css/skins/_all-skins.min.css HTTP/1.1" 200 41583
2018-12-07 23:36:15,665 - basehttp.py\log_message[line:124] - INFO: "GET /static/sweetalert/sweetalert.css HTTP/1.1" 200 22898
2018-12-07 23:36:15,668 - basehttp.py\log_message[line:124] - INFO: "GET /static/adminlte/bower_components/bootstrap/dist/js/bootstrap.min.js HTTP/1.1" 200 37045
2018-12-07 23:36:15,674 - basehttp.py\log_message[line:124] - INFO: "GET /static/adminlte/bower_components/jquery/dist/jquery.min.js HTTP/1.1" 200 86927
2018-12-07 23:36:15,681 - basehttp.py\log_message[line:124] - INFO: "GET /static/sweetalert/sweetalert.min.js HTTP/1.1" 200 16994
2018-12-07 23:36:15,681 - basehttp.py\log_message[line:124] - INFO: "GET /static/adminlte/dist/js/adminlte.min.js HTTP/1.1" 200 14548
2018-12-07 23:36:15,721 - basehttp.py\log_message[line:124] - INFO: "GET /static/sweetalert/xfzalert.js HTTP/1.1" 200 5599
2018-12-07 23:36:15,721 - basehttp.py\log_message[line:124] - INFO: "GET /static/js/cms_base.js HTTP/1.1" 200 1089
2018-12-07 23:36:15,722 - basehttp.py\log_message[line:124] - INFO: "GET /static/js/message.js HTTP/1.1" 200 3389
2018-12-07 23:36:15,722 - basehttp.py\log_message[line:124] - INFO: "GET /static/js/xfzajax.js HTTP/1.1" 200 1253
2018-12-07 23:36:15,722 - basehttp.py\log_message[line:124] - INFO: "GET /static/js/news_category.js HTTP/1.1" 200 6959
2018-12-07 23:36:15,756 - basehttp.py\log_message[line:124] - INFO: "GET /static/adminlte/bower_components/font-awesome/fonts/fontawesome-webfont.woff2?v=4.7.0 HTTP/1.1" 200 77160
2018-12-07 23:36:15,798 - basehttp.py\log_message[line:124] - INFO: "GET /cms/news_category/ HTTP/1.1" 200 10093
2018-12-07 23:36:15,824 - basehttp.py\log_message[line:124] - INFO: "GET /static/adminlte/bower_components/bootstrap/dist/css/bootstrap.min.css HTTP/1.1" 200 121200
2018-12-07 23:36:15,827 - basehttp.py\log_message[line:124] - INFO: "GET /static/adminlte/bower_components/font-awesome/css/font-awesome.min.css HTTP/1.1" 200 31000
2018-12-07 23:36:15,833 - basehttp.py\log_message[line:124] - INFO: "GET /static/sweetalert/sweetalert.css HTTP/1.1" 200 22898
2018-12-07 23:36:15,833 - basehttp.py\log_message[line:124] - INFO: "GET /static/adminlte/dist/css/skins/_all-skins.min.css HTTP/1.1" 200 41583
2018-12-07 23:36:15,835 - basehttp.py\log_message[line:124] - INFO: "GET /static/adminlte/dist/css/AdminLTE.min.css HTTP/1.1" 200 91501
2018-12-07 23:36:15,839 - basehttp.py\log_message[line:124] - INFO: "GET /static/adminlte/bower_components/jquery/dist/jquery.min.js HTTP/1.1" 200 86927
2018-12-07 23:36:15,839 - basehttp.py\log_message[line:124] - INFO: "GET /static/adminlte/bower_components/bootstrap/dist/js/bootstrap.min.js HTTP/1.1" 200 37045
2018-12-07 23:36:15,851 - basehttp.py\log_message[line:124] - INFO: "GET /static/adminlte/dist/js/adminlte.min.js HTTP/1.1" 200 14548
2018-12-07 23:36:15,853 - basehttp.py\log_message[line:124] - INFO: "GET /static/sweetalert/xfzalert.js HTTP/1.1" 200 5599
2018-12-07 23:36:15,856 - basehttp.py\log_message[line:124] - INFO: "GET /static/sweetalert/sweetalert.min.js HTTP/1.1" 200 16994
2018-12-07 23:36:15,858 - basehttp.py\log_message[line:124] - INFO: "GET /static/js/xfzajax.js HTTP/1.1" 200 1253
2018-12-07 23:36:15,862 - basehttp.py\log_message[line:124] - INFO: "GET /static/js/cms_base.js HTTP/1.1" 200 1089
2018-12-07 23:36:15,862 - basehttp.py\log_message[line:124] - INFO: "GET /static/js/message.js HTTP/1.1" 200 3389
2018-12-07 23:36:15,882 - basehttp.py\log_message[line:124] - INFO: "GET /static/js/news_category.js HTTP/1.1" 200 6959
2018-12-07 23:36:15,898 - basehttp.py\log_message[line:124] - INFO: "GET /static/adminlte/bower_components/font-awesome/fonts/fontawesome-webfont.woff2?v=4.7.0 HTTP/1.1" 200 77160
2018-12-07 23:36:15,938 - basehttp.py\log_message[line:124] - INFO: "GET /static/images/favicon.ico HTTP/1.1" 200 9147
2018-12-07 23:36:15,970 - basehttp.py\log_message[line:124] - INFO: "GET /cms/news_category/ HTTP/1.1" 200 10093
2018-12-07 23:36:15,991 - basehttp.py\log_message[line:124] - INFO: "GET /static/adminlte/bower_components/bootstrap/dist/css/bootstrap.min.css HTTP/1.1" 200 121200
2018-12-07 23:36:16,005 - basehttp.py\log_message[line:124] - INFO: "GET /static/sweetalert/sweetalert.css HTTP/1.1" 200 22898
2018-12-07 23:36:16,006 - basehttp.py\log_message[line:124] - INFO: "GET /static/adminlte/bower_components/font-awesome/css/font-awesome.min.css HTTP/1.1" 200 31000
2018-12-07 23:36:16,007 - basehttp.py\log_message[line:124] - INFO: "GET /static/adminlte/dist/css/skins/_all-skins.min.css HTTP/1.1" 200 41583
2018-12-07 23:36:16,008 - basehttp.py\log_message[line:124] - INFO: "GET /static/adminlte/bower_components/jquery/dist/jquery.min.js HTTP/1.1" 200 86927
2018-12-07 23:36:16,008 - basehttp.py\log_message[line:124] - INFO: "GET /static/adminlte/dist/css/AdminLTE.min.css HTTP/1.1" 200 91501
2018-12-07 23:36:16,009 - basehttp.py\log_message[line:124] - INFO: "GET /static/adminlte/bower_components/bootstrap/dist/js/bootstrap.min.js HTTP/1.1" 200 37045
2018-12-07 23:36:16,016 - basehttp.py\log_message[line:124] - INFO: "GET /static/adminlte/dist/js/adminlte.min.js HTTP/1.1" 200 14548
2018-12-07 23:36:16,017 - basehttp.py\log_message[line:124] - INFO: "GET /static/sweetalert/sweetalert.min.js HTTP/1.1" 200 16994
2018-12-07 23:36:16,017 - basehttp.py\log_message[line:124] - INFO: "GET /static/sweetalert/xfzalert.js HTTP/1.1" 200 5599
2018-12-07 23:36:16,022 - basehttp.py\log_message[line:124] - INFO: "GET /static/js/xfzajax.js HTTP/1.1" 200 1253
2018-12-07 23:36:16,025 - basehttp.py\log_message[line:124] - INFO: "GET /static/js/message.js HTTP/1.1" 200 3389
2018-12-07 23:36:16,034 - basehttp.py\log_message[line:124] - INFO: "GET /static/js/news_category.js HTTP/1.1" 200 6959
2018-12-07 23:36:16,035 - basehttp.py\log_message[line:124] - INFO: "GET /static/js/cms_base.js HTTP/1.1" 200 1089
2018-12-07 23:36:16,058 - basehttp.py\log_message[line:124] - INFO: "GET /static/adminlte/bower_components/font-awesome/fonts/fontawesome-webfont.woff2?v=4.7.0 HTTP/1.1" 200 77160
2018-12-07 23:36:16,099 - basehttp.py\log_message[line:124] - INFO: "GET /static/images/favicon.ico HTTP/1.1" 200 9147
2018-12-07 23:36:16,140 - basehttp.py\log_message[line:124] - INFO: "GET /cms/news_category/ HTTP/1.1" 200 10093
2018-12-07 23:36:16,176 - basehttp.py\log_message[line:124] - INFO: "GET /static/adminlte/bower_components/font-awesome/css/font-awesome.min.css HTTP/1.1" 200 31000
2018-12-07 23:36:16,177 - basehttp.py\log_message[line:124] - INFO: "GET /static/adminlte/dist/css/skins/_all-skins.min.css HTTP/1.1" 200 41583
2018-12-07 23:36:16,180 - basehttp.py\log_message[line:124] - INFO: "GET /static/sweetalert/sweetalert.css HTTP/1.1" 200 22898
2018-12-07 23:36:16,181 - basehttp.py\log_message[line:124] - INFO: "GET /static/adminlte/dist/css/AdminLTE.min.css HTTP/1.1" 200 91501
2018-12-07 23:36:16,182 - basehttp.py\log_message[line:124] - INFO: "GET /static/adminlte/bower_components/bootstrap/dist/css/bootstrap.min.css HTTP/1.1" 200 121200
2018-12-07 23:36:16,183 - basehttp.py\log_message[line:124] - INFO: "GET /static/adminlte/dist/js/adminlte.min.js HTTP/1.1" 200 14548
2018-12-07 23:36:16,183 - basehttp.py\log_message[line:124] - INFO: "GET /static/adminlte/bower_components/jquery/dist/jquery.min.js HTTP/1.1" 200 86927
2018-12-07 23:36:16,193 - basehttp.py\log_message[line:124] - INFO: "GET /static/js/xfzajax.js HTTP/1.1" 200 1253
2018-12-07 23:36:16,194 - basehttp.py\log_message[line:124] - INFO: "GET /static/js/message.js HTTP/1.1" 200 3389
2018-12-07 23:36:16,194 - basehttp.py\log_message[line:124] - INFO: "GET /static/sweetalert/sweetalert.min.js HTTP/1.1" 200 16994
2018-12-07 23:36:16,195 - basehttp.py\log_message[line:124] - INFO: "GET /static/js/cms_base.js HTTP/1.1" 200 1089
2018-12-07 23:36:16,203 - basehttp.py\log_message[line:124] - INFO: "GET /static/js/news_category.js HTTP/1.1" 200 6959
2018-12-07 23:36:16,205 - basehttp.py\log_message[line:124] - INFO: "GET /static/sweetalert/xfzalert.js HTTP/1.1" 200 5599
2018-12-07 23:36:16,205 - basehttp.py\log_message[line:124] - INFO: "GET /static/adminlte/bower_components/bootstrap/dist/js/bootstrap.min.js HTTP/1.1" 200 37045
2018-12-07 23:36:16,229 - basehttp.py\log_message[line:124] - INFO: "GET /static/adminlte/bower_components/font-awesome/fonts/fontawesome-webfont.woff2?v=4.7.0 HTTP/1.1" 200 77160
2018-12-07 23:36:16,272 - basehttp.py\log_message[line:124] - INFO: "GET /static/images/favicon.ico HTTP/1.1" 200 9147
2018-12-07 23:36:16,389 - basehttp.py\log_message[line:124] - INFO: "GET /cms/news_category/ HTTP/1.1" 200 10093
2018-12-07 23:36:16,421 - basehttp.py\log_message[line:124] - INFO: "GET /static/adminlte/bower_components/font-awesome/css/font-awesome.min.css HTTP/1.1" 200 31000
2018-12-07 23:36:16,426 - basehttp.py\log_message[line:124] - INFO: "GET /static/sweetalert/sweetalert.css HTTP/1.1" 200 22898
2018-12-07 23:36:16,426 - basehttp.py\log_message[line:124] - INFO: "GET /static/adminlte/bower_components/bootstrap/dist/css/bootstrap.min.css HTTP/1.1" 200 121200
2018-12-07 23:36:16,428 - basehttp.py\log_message[line:124] - INFO: "GET /static/adminlte/dist/css/AdminLTE.min.css HTTP/1.1" 200 91501
2018-12-07 23:36:16,429 - basehttp.py\log_message[line:124] - INFO: "GET /static/adminlte/dist/css/skins/_all-skins.min.css HTTP/1.1" 200 41583
2018-12-07 23:36:16,430 - basehttp.py\log_message[line:124] - INFO: "GET /static/adminlte/dist/js/adminlte.min.js HTTP/1.1" 200 14548
2018-12-07 23:36:16,432 - basehttp.py\log_message[line:124] - INFO: "GET /static/adminlte/bower_components/jquery/dist/jquery.min.js HTTP/1.1" 200 86927
2018-12-07 23:36:16,432 - basehttp.py\log_message[line:124] - INFO: "GET /static/sweetalert/xfzalert.js HTTP/1.1" 200 5599
2018-12-07 23:36:16,445 - basehttp.py\log_message[line:124] - INFO: "GET /static/js/news_category.js HTTP/1.1" 200 6959
2018-12-07 23:36:16,445 - basehttp.py\log_message[line:124] - INFO: "GET /static/js/cms_base.js HTTP/1.1" 200 1089
2018-12-07 23:36:16,446 - basehttp.py\log_message[line:124] - INFO: "GET /static/js/xfzajax.js HTTP/1.1" 200 1253
2018-12-07 23:36:16,446 - basehttp.py\log_message[line:124] - INFO: "GET /static/js/message.js HTTP/1.1" 200 3389
2018-12-07 23:36:16,449 - basehttp.py\log_message[line:124] - INFO: "GET /static/adminlte/bower_components/bootstrap/dist/js/bootstrap.min.js HTTP/1.1" 200 37045
2018-12-07 23:36:16,459 - basehttp.py\log_message[line:124] - INFO: "GET /static/sweetalert/sweetalert.min.js HTTP/1.1" 200 16994
2018-12-07 23:36:16,484 - basehttp.py\log_message[line:124] - INFO: "GET /static/adminlte/bower_components/font-awesome/fonts/fontawesome-webfont.woff2?v=4.7.0 HTTP/1.1" 200 77160
2018-12-07 23:36:16,526 - basehttp.py\log_message[line:124] - INFO: "GET /static/images/favicon.ico HTTP/1.1" 200 9147
2018-12-07 23:36:16,704 - basehttp.py\log_message[line:124] - INFO: "GET /cms/news_category/ HTTP/1.1" 200 10093
2018-12-07 23:36:16,717 - basehttp.py\log_message[line:124] - INFO: "GET /static/adminlte/bower_components/font-awesome/css/font-awesome.min.css HTTP/1.1" 200 31000
2018-12-07 23:36:16,719 - basehttp.py\log_message[line:124] - INFO: "GET /static/adminlte/bower_components/bootstrap/dist/css/bootstrap.min.css HTTP/1.1" 200 121200
2018-12-07 23:36:16,728 - basehttp.py\log_message[line:124] - INFO: "GET /static/adminlte/dist/css/skins/_all-skins.min.css HTTP/1.1" 200 41583
2018-12-07 23:36:16,728 - basehttp.py\log_message[line:124] - INFO: "GET /static/sweetalert/sweetalert.css HTTP/1.1" 200 22898
2018-12-07 23:36:16,729 - basehttp.py\log_message[line:124] - INFO: "GET /static/adminlte/dist/css/AdminLTE.min.css HTTP/1.1" 200 91501
2018-12-07 23:36:16,729 - basehttp.py\log_message[line:124] - INFO: "GET /static/adminlte/bower_components/jquery/dist/jquery.min.js HTTP/1.1" 200 86927
2018-12-07 23:36:16,741 - basehttp.py\log_message[line:124] - INFO: "GET /static/adminlte/bower_components/bootstrap/dist/js/bootstrap.min.js HTTP/1.1" 200 37045
2018-12-07 23:36:16,748 - basehttp.py\log_message[line:124] - INFO: "GET /static/sweetalert/sweetalert.min.js HTTP/1.1" 200 16994
2018-12-07 23:36:16,748 - basehttp.py\log_message[line:124] - INFO: "GET /static/adminlte/dist/js/adminlte.min.js HTTP/1.1" 200 14548
2018-12-07 23:36:16,749 - basehttp.py\log_message[line:124] - INFO: "GET /static/sweetalert/xfzalert.js HTTP/1.1" 200 5599
2018-12-07 23:36:16,756 - basehttp.py\log_message[line:124] - INFO: "GET /static/js/message.js HTTP/1.1" 200 3389
2018-12-07 23:36:16,757 - basehttp.py\log_message[line:124] - INFO: "GET /static/js/cms_base.js HTTP/1.1" 200 1089
2018-12-07 23:36:16,757 - basehttp.py\log_message[line:124] - INFO: "GET /static/js/xfzajax.js HTTP/1.1" 200 1253
2018-12-07 23:36:16,774 - basehttp.py\log_message[line:124] - INFO: "GET /static/js/news_category.js HTTP/1.1" 200 6959
2018-12-07 23:36:16,807 - basehttp.py\log_message[line:124] - INFO: "GET /static/adminlte/bower_components/font-awesome/fonts/fontawesome-webfont.woff2?v=4.7.0 HTTP/1.1" 200 77160
2018-12-07 23:36:16,850 - basehttp.py\log_message[line:124] - INFO: "GET /static/images/favicon.ico HTTP/1.1" 200 9147
2018-12-07 23:36:16,911 - basehttp.py\log_message[line:124] - INFO: "GET /cms/news_category/ HTTP/1.1" 200 10093
2018-12-07 23:36:16,965 - basehttp.py\log_message[line:124] - INFO: "GET /static/adminlte/bower_components/font-awesome/css/font-awesome.min.css HTTP/1.1" 200 31000
2018-12-07 23:36:16,965 - basehttp.py\log_message[line:124] - INFO: "GET /static/adminlte/bower_components/bootstrap/dist/css/bootstrap.min.css HTTP/1.1" 200 121200
2018-12-07 23:36:16,978 - basehttp.py\log_message[line:124] - INFO: "GET /static/sweetalert/sweetalert.css HTTP/1.1" 200 22898
2018-12-07 23:36:16,980 - basehttp.py\log_message[line:124] - INFO: "GET /static/adminlte/dist/css/skins/_all-skins.min.css HTTP/1.1" 200 41583
2018-12-07 23:36:16,980 - basehttp.py\log_message[line:124] - INFO: "GET /static/adminlte/bower_components/jquery/dist/jquery.min.js HTTP/1.1" 200 86927
2018-12-07 23:36:16,980 - basehttp.py\log_message[line:124] - INFO: "GET /static/adminlte/dist/css/AdminLTE.min.css HTTP/1.1" 200 91501
2018-12-07 23:36:16,989 - basehttp.py\log_message[line:124] - INFO: "GET /static/adminlte/bower_components/bootstrap/dist/js/bootstrap.min.js HTTP/1.1" 200 37045
2018-12-07 23:36:16,999 - basehttp.py\log_message[line:124] - INFO: "GET /static/adminlte/dist/js/adminlte.min.js HTTP/1.1" 200 14548
2018-12-07 23:36:16,999 - basehttp.py\log_message[line:124] - INFO: "GET /static/sweetalert/sweetalert.min.js HTTP/1.1" 200 16994
2018-12-07 23:36:17,002 - basehttp.py\log_message[line:124] - INFO: "GET /static/sweetalert/xfzalert.js HTTP/1.1" 200 5599
2018-12-07 23:36:17,007 - basehttp.py\log_message[line:124] - INFO: "GET /static/js/xfzajax.js HTTP/1.1" 200 1253
2018-12-07 23:36:17,025 - basehttp.py\log_message[line:124] - INFO: "GET /static/js/cms_base.js HTTP/1.1" 200 1089
2018-12-07 23:36:17,025 - basehttp.py\log_message[line:124] - INFO: "GET /static/js/message.js HTTP/1.1" 200 3389
2018-12-07 23:36:17,031 - basehttp.py\log_message[line:124] - INFO: "GET /static/js/news_category.js HTTP/1.1" 200 6959
2018-12-07 23:36:17,054 - basehttp.py\log_message[line:124] - INFO: "GET /static/adminlte/bower_components/font-awesome/fonts/fontawesome-webfont.woff2?v=4.7.0 HTTP/1.1" 200 77160
2018-12-07 23:36:17,059 - basehttp.py\log_message[line:124] - INFO: "GET /cms/news_category/ HTTP/1.1" 200 10093
2018-12-07 23:36:17,105 - basehttp.py\log_message[line:124] - INFO: "GET /static/adminlte/bower_components/bootstrap/dist/css/bootstrap.min.css HTTP/1.1" 200 121200
2018-12-07 23:36:17,112 - basehttp.py\log_message[line:124] - INFO: "GET /static/adminlte/bower_components/font-awesome/css/font-awesome.min.css HTTP/1.1" 200 31000
2018-12-07 23:36:17,114 - basehttp.py\log_message[line:124] - INFO: "GET /static/adminlte/dist/css/skins/_all-skins.min.css HTTP/1.1" 200 41583
2018-12-07 23:36:17,114 - basehttp.py\log_message[line:124] - INFO: "GET /static/sweetalert/sweetalert.css HTTP/1.1" 200 22898
2018-12-07 23:36:17,114 - basehttp.py\log_message[line:124] - INFO: "GET /static/adminlte/dist/css/AdminLTE.min.css HTTP/1.1" 200 91501
2018-12-07 23:36:17,115 - basehttp.py\log_message[line:124] - INFO: "GET /static/adminlte/bower_components/bootstrap/dist/js/bootstrap.min.js HTTP/1.1" 200 37045
2018-12-07 23:36:17,115 - basehttp.py\log_message[line:124] - INFO: "GET /static/adminlte/bower_components/jquery/dist/jquery.min.js HTTP/1.1" 200 86927
2018-12-07 23:36:17,133 - basehttp.py\log_message[line:124] - INFO: "GET /static/sweetalert/xfzalert.js HTTP/1.1" 200 5599
2018-12-07 23:36:17,134 - basehttp.py\log_message[line:124] - INFO: "GET /static/sweetalert/sweetalert.min.js HTTP/1.1" 200 16994
2018-12-07 23:36:17,146 - basehttp.py\log_message[line:124] - INFO: "GET /static/js/xfzajax.js HTTP/1.1" 200 1253
2018-12-07 23:36:17,147 - basehttp.py\log_message[line:124] - INFO: "GET /static/js/message.js HTTP/1.1" 200 3389
2018-12-07 23:36:17,151 - basehttp.py\log_message[line:124] - INFO: "GET /static/js/news_category.js HTTP/1.1" 200 6959
2018-12-07 23:36:17,151 - basehttp.py\log_message[line:124] - INFO: "GET /static/js/cms_base.js HTTP/1.1" 200 1089
2018-12-07 23:36:17,154 - basehttp.py\log_message[line:124] - INFO: "GET /static/adminlte/dist/js/adminlte.min.js HTTP/1.1" 200 14548
2018-12-07 23:36:17,196 - basehttp.py\log_message[line:124] - INFO: "GET /static/adminlte/bower_components/font-awesome/fonts/fontawesome-webfont.woff2?v=4.7.0 HTTP/1.1" 200 77160
2018-12-07 23:36:17,226 - basehttp.py\log_message[line:124] - INFO: "GET /cms/news_category/ HTTP/1.1" 200 10093
2018-12-07 23:36:17,255 - basehttp.py\log_message[line:124] - INFO: "GET /static/adminlte/bower_components/font-awesome/css/font-awesome.min.css HTTP/1.1" 200 31000
2018-12-07 23:36:17,261 - basehttp.py\log_message[line:124] - INFO: "GET /static/adminlte/dist/css/skins/_all-skins.min.css HTTP/1.1" 200 41583
2018-12-07 23:36:17,261 - basehttp.py\log_message[line:124] - INFO: "GET /static/sweetalert/sweetalert.css HTTP/1.1" 200 22898
2018-12-07 23:36:17,262 - basehttp.py\log_message[line:124] - INFO: "GET /static/adminlte/bower_components/bootstrap/dist/css/bootstrap.min.css HTTP/1.1" 200 121200
2018-12-07 23:36:17,262 - basehttp.py\log_message[line:124] - INFO: "GET /static/adminlte/bower_components/jquery/dist/jquery.min.js HTTP/1.1" 200 86927
2018-12-07 23:36:17,262 - basehttp.py\log_message[line:124] - INFO: "GET /static/adminlte/dist/css/AdminLTE.min.css HTTP/1.1" 200 91501
2018-12-07 23:36:17,263 - basehttp.py\log_message[line:124] - INFO: "GET /static/adminlte/dist/js/adminlte.min.js HTTP/1.1" 200 14548
2018-12-07 23:36:17,279 - basehttp.py\log_message[line:124] - INFO: "GET /static/js/xfzajax.js HTTP/1.1" 200 1253
2018-12-07 23:36:17,279 - basehttp.py\log_message[line:124] - INFO: "GET /static/js/message.js HTTP/1.1" 200 3389
2018-12-07 23:36:17,280 - basehttp.py\log_message[line:124] - INFO: "GET /static/sweetalert/xfzalert.js HTTP/1.1" 200 5599
2018-12-07 23:36:17,280 - basehttp.py\log_message[line:124] - INFO: "GET /static/sweetalert/sweetalert.min.js HTTP/1.1" 200 16994
2018-12-07 23:36:17,282 - basehttp.py\log_message[line:124] - INFO: "GET /static/js/cms_base.js HTTP/1.1" 200 1089
2018-12-07 23:36:17,291 - basehttp.py\log_message[line:124] - INFO: "GET /static/js/news_category.js HTTP/1.1" 200 6959
2018-12-07 23:36:17,296 - basehttp.py\log_message[line:124] - INFO: "GET /static/adminlte/bower_components/bootstrap/dist/js/bootstrap.min.js HTTP/1.1" 200 37045
2018-12-07 23:36:17,317 - basehttp.py\log_message[line:124] - INFO: "GET /static/adminlte/bower_components/font-awesome/fonts/fontawesome-webfont.woff2?v=4.7.0 HTTP/1.1" 200 77160
2018-12-07 23:36:17,380 - basehttp.py\log_message[line:124] - INFO: "GET /static/images/favicon.ico HTTP/1.1" 200 9147
2018-12-07 23:36:17,393 - basehttp.py\log_message[line:124] - INFO: "GET /cms/news_category/ HTTP/1.1" 200 10093
2018-12-07 23:36:17,423 - basehttp.py\log_message[line:124] - INFO: "GET /static/adminlte/bower_components/font-awesome/css/font-awesome.min.css HTTP/1.1" 200 31000
2018-12-07 23:36:17,428 - basehttp.py\log_message[line:124] - INFO: "GET /static/sweetalert/sweetalert.css HTTP/1.1" 200 22898
2018-12-07 23:36:17,428 - basehttp.py\log_message[line:124] - INFO: "GET /static/adminlte/dist/css/skins/_all-skins.min.css HTTP/1.1" 200 41583
2018-12-07 23:36:17,428 - basehttp.py\log_message[line:124] - INFO: "GET /static/adminlte/bower_components/bootstrap/dist/css/bootstrap.min.css HTTP/1.1" 200 121200
2018-12-07 23:36:17,430 - basehttp.py\log_message[line:124] - INFO: "GET /static/adminlte/dist/js/adminlte.min.js HTTP/1.1" 200 14548
2018-12-07 23:36:17,432 - basehttp.py\log_message[line:124] - INFO: "GET /static/adminlte/dist/css/AdminLTE.min.css HTTP/1.1" 200 91501
2018-12-07 23:36:17,437 - basehttp.py\log_message[line:124] - INFO: "GET /static/adminlte/bower_components/jquery/dist/jquery.min.js HTTP/1.1" 200 86927
2018-12-07 23:36:17,439 - basehttp.py\log_message[line:124] - INFO: "GET /static/js/message.js HTTP/1.1" 200 3389
2018-12-07 23:36:17,440 - basehttp.py\log_message[line:124] - INFO: "GET /static/js/cms_base.js HTTP/1.1" 200 1089
2018-12-07 23:36:17,440 - basehttp.py\log_message[line:124] - INFO: "GET /static/js/news_category.js HTTP/1.1" 200 6959
2018-12-07 23:36:17,445 - basehttp.py\log_message[line:124] - INFO: "GET /static/adminlte/bower_components/bootstrap/dist/js/bootstrap.min.js HTTP/1.1" 200 37045
2018-12-07 23:36:17,458 - basehttp.py\log_message[line:124] - INFO: "GET /static/js/xfzajax.js HTTP/1.1" 200 1253
2018-12-07 23:36:17,458 - basehttp.py\log_message[line:124] - INFO: "GET /static/sweetalert/xfzalert.js HTTP/1.1" 200 5599
2018-12-07 23:36:17,459 - basehttp.py\log_message[line:124] - INFO: "GET /static/sweetalert/sweetalert.min.js HTTP/1.1" 200 16994
2018-12-07 23:36:17,487 - basehttp.py\log_message[line:124] - INFO: "GET /static/adminlte/bower_components/font-awesome/fonts/fontawesome-webfont.woff2?v=4.7.0 HTTP/1.1" 200 77160
2018-12-07 23:36:17,551 - basehttp.py\log_message[line:124] - INFO: "GET /cms/news_category/ HTTP/1.1" 200 10093
2018-12-07 23:36:17,643 - basehttp.py\log_message[line:124] - INFO: "GET /static/adminlte/bower_components/font-awesome/css/font-awesome.min.css HTTP/1.1" 200 31000
2018-12-07 23:36:17,646 - basehttp.py\log_message[line:124] - INFO: "GET /static/adminlte/dist/css/skins/_all-skins.min.css HTTP/1.1" 200 41583
2018-12-07 23:36:17,647 - basehttp.py\log_message[line:124] - INFO: "GET /static/adminlte/bower_components/bootstrap/dist/css/bootstrap.min.css HTTP/1.1" 200 121200
2018-12-07 23:36:17,654 - basehttp.py\log_message[line:124] - INFO: "GET /static/adminlte/dist/css/AdminLTE.min.css HTTP/1.1" 200 91501
2018-12-07 23:36:17,654 - basehttp.py\log_message[line:124] - INFO: "GET /static/sweetalert/sweetalert.css HTTP/1.1" 200 22898
2018-12-07 23:36:17,657 - basehttp.py\log_message[line:124] - INFO: "GET /static/adminlte/dist/js/adminlte.min.js HTTP/1.1" 200 14548
2018-12-07 23:36:17,661 - basehttp.py\log_message[line:124] - INFO: "GET /static/adminlte/bower_components/jquery/dist/jquery.min.js HTTP/1.1" 200 86927
2018-12-07 23:36:17,662 - basehttp.py\log_message[line:124] - INFO: "GET /static/sweetalert/xfzalert.js HTTP/1.1" 200 5599
2018-12-07 23:36:17,662 - basehttp.py\log_message[line:124] - INFO: "GET /static/sweetalert/sweetalert.min.js HTTP/1.1" 200 16994
2018-12-07 23:36:17,663 - basehttp.py\log_message[line:124] - INFO: "GET /static/js/xfzajax.js HTTP/1.1" 200 1253
2018-12-07 23:36:17,665 - basehttp.py\log_message[line:124] - INFO: "GET /static/js/message.js HTTP/1.1" 200 3389
2018-12-07 23:36:17,680 - basehttp.py\log_message[line:124] - INFO: "GET /static/js/news_category.js HTTP/1.1" 200 6959
2018-12-07 23:36:17,680 - basehttp.py\log_message[line:124] - INFO: "GET /static/js/cms_base.js HTTP/1.1" 200 1089
2018-12-07 23:36:17,680 - basehttp.py\log_message[line:124] - INFO: "GET /static/adminlte/bower_components/bootstrap/dist/js/bootstrap.min.js HTTP/1.1" 200 37045
2018-12-07 23:36:17,709 - basehttp.py\log_message[line:124] - INFO: "GET /static/adminlte/bower_components/font-awesome/fonts/fontawesome-webfont.woff2?v=4.7.0 HTTP/1.1" 200 77160
2018-12-07 23:36:17,746 - basehttp.py\log_message[line:124] - INFO: "GET /static/images/favicon.ico HTTP/1.1" 200 9147
2018-12-07 23:43:02,738 - basehttp.py\log_message[line:124] - INFO: "GET / HTTP/1.1" 200 11437
2018-12-07 23:43:02,925 - basehttp.py\log_message[line:124] - INFO: "GET / HTTP/1.1" 200 11437
2018-12-07 23:43:06,363 - basehttp.py\log_message[line:124] - INFO: "GET /cms/ HTTP/1.1" 200 7096
2018-12-07 23:43:08,165 - basehttp.py\log_message[line:124] - INFO: "GET /cms/news_category/ HTTP/1.1" 200 10093
2018-12-07 23:43:16,536 - basehttp.py\log_message[line:124] - INFO: "GET /cms/news_category/ HTTP/1.1" 200 10093
2018-12-07 23:52:12,731 - basehttp.py\log_message[line:124] - INFO: "GET /cms/news_category/ HTTP/1.1" 200 10093
2018-12-07 23:52:12,860 - basehttp.py\log_message[line:124] - INFO: "GET /static/adminlte/bower_components/font-awesome/css/font-awesome.min.css HTTP/1.1" 200 31000
2018-12-07 23:52:12,861 - basehttp.py\log_message[line:124] - INFO: "GET /static/adminlte/dist/css/skins/_all-skins.min.css HTTP/1.1" 200 41583
2018-12-07 23:52:12,901 - basehttp.py\log_message[line:124] - INFO: "GET /static/sweetalert/sweetalert.css HTTP/1.1" 200 22898
2018-12-07 23:52:12,974 - basehttp.py\log_message[line:124] - INFO: "GET /static/adminlte/bower_components/bootstrap/dist/js/bootstrap.min.js HTTP/1.1" 200 37045
2018-12-07 23:52:13,017 - basehttp.py\log_message[line:124] - INFO: "GET /static/adminlte/dist/css/AdminLTE.min.css HTTP/1.1" 200 91501
2018-12-07 23:52:13,031 - basehttp.py\log_message[line:124] - INFO: "GET /static/sweetalert/sweetalert.min.js HTTP/1.1" 200 16994
2018-12-07 23:52:13,079 - basehttp.py\log_message[line:124] - INFO: "GET /static/sweetalert/xfzalert.js HTTP/1.1" 200 5599
2018-12-07 23:52:13,088 - basehttp.py\log_message[line:124] - INFO: "GET /static/js/xfzajax.js HTTP/1.1" 200 1253
2018-12-07 23:52:13,106 - basehttp.py\log_message[line:124] - INFO: "GET /static/adminlte/bower_components/bootstrap/dist/css/bootstrap.min.css HTTP/1.1" 200 121200
2018-12-07 23:52:13,129 - basehttp.py\log_message[line:124] - INFO: "GET /static/adminlte/bower_components/jquery/dist/jquery.min.js HTTP/1.1" 200 86927
2018-12-07 23:52:13,158 - basehttp.py\log_message[line:124] - INFO: "GET /static/js/news_category.js HTTP/1.1" 200 6959
2018-12-07 23:52:13,158 - basehttp.py\log_message[line:124] - INFO: "GET /static/js/message.js HTTP/1.1" 200 3389
2018-12-07 23:52:13,171 - basehttp.py\log_message[line:124] - INFO: "GET /static/js/cms_base.js HTTP/1.1" 200 1089
2018-12-07 23:52:13,200 - basehttp.py\log_message[line:124] - INFO: "GET /static/adminlte/dist/js/adminlte.min.js HTTP/1.1" 200 14548
2018-12-07 23:52:13,260 - basehttp.py\log_message[line:124] - INFO: "GET /static/adminlte/bower_components/font-awesome/fonts/fontawesome-webfont.woff2?v=4.7.0 HTTP/1.1" 200 77160
2018-12-07 23:52:13,328 - basehttp.py\log_message[line:124] - INFO: "GET /static/images/favicon.ico HTTP/1.1" 200 9147
2018-12-07 23:52:38,201 - basehttp.py\log_message[line:124] - INFO: "GET /cms/news_category/ HTTP/1.1" 200 10093
2018-12-07 23:52:38,634 - basehttp.py\log_message[line:124] - INFO: "GET /static/images/favicon.ico HTTP/1.1" 200 9147
2018-12-07 23:52:46,778 - basehttp.py\log_message[line:124] - INFO: "GET /cms/pub_course/ HTTP/1.1" 200 10198
2018-12-07 23:52:46,880 - basehttp.py\log_message[line:124] - INFO: "GET /static/js/pub_course.js HTTP/1.1" 200 1778
2018-12-07 23:52:46,880 - basehttp.py\log_message[line:124] - INFO: "GET /static/ueditor/ueditor.config.js HTTP/1.1" 200 22906
2018-12-07 23:52:47,081 - basehttp.py\log_message[line:124] - INFO: "GET /static/ueditor/ueditor.all.min.js HTTP/1.1" 200 383120
2018-12-07 23:52:47,194 - basehttp.py\log_message[line:124] - INFO: "GET /ueditor/upload/?action=config&&noCache=1544197967155 HTTP/1.1" 200 2686
2018-12-07 23:52:47,224 - basehttp.py\log_message[line:124] - INFO: "GET /static/ueditor/lang/zh-cn/zh-cn.js HTTP/1.1" 200 30020
2018-12-07 23:52:47,224 - basehttp.py\log_message[line:124] - INFO: "GET /static/ueditor/themes/default/css/ueditor.css HTTP/1.1" 200 45440
2018-12-07 23:52:47,292 - basehttp.py\log_message[line:124] - INFO: "GET /static/ueditor/themes/default/images/scale.png HTTP/1.1" 200 167
2018-12-07 23:52:47,293 - basehttp.py\log_message[line:124] - INFO: "GET /static/ueditor/themes/default/images/charts.png HTTP/1.1" 200 518
2018-12-07 23:52:47,305 - basehttp.py\log_message[line:124] - INFO: "GET /static/ueditor/themes/default/images/icons.png HTTP/1.1" 200 19694
2018-12-07 23:52:47,310 - basehttp.py\log_message[line:124] - INFO: "GET /static/ueditor/themes/iframe.css HTTP/1.1" 200 42
2018-12-07 23:52:47,369 - basehttp.py\log_message[line:124] - INFO: "GET /static/ueditor/third-party/codemirror/codemirror.css HTTP/1.1" 200 2888
2018-12-07 23:52:47,395 - basehttp.py\log_message[line:124] - INFO: "GET /static/ueditor/third-party/zeroclipboard/ZeroClipboard.js HTTP/1.1" 200 43216
2018-12-07 23:52:47,492 - basehttp.py\log_message[line:124] - INFO: "GET /static/ueditor/third-party/codemirror/codemirror.js HTTP/1.1" 200 162186
2018-12-07 23:52:48,492 - basehttp.py\log_message[line:124] - INFO: "GET /cms/news_category/ HTTP/1.1" 200 10093
2018-12-07 23:56:56,101 - basehttp.py\log_message[line:124] - INFO: "GET /cms/news_category/ HTTP/1.1" 200 10093
2018-12-07 23:58:02,925 - basehttp.py\log_message[line:124] - ERROR: "GET /cms/news_category/ HTTP/1.1" 500 202718
2018-12-07 23:58:03,389 - basehttp.py\log_message[line:124] - WARNING: "GET /favicon.ico HTTP/1.1" 404 3506
2018-12-07 23:59:13,894 - basehttp.py\log_message[line:124] - INFO: "GET / HTTP/1.1" 200 11437
2018-12-07 23:59:13,980 - basehttp.py\log_message[line:124] - INFO: "GET / HTTP/1.1" 200 11437
2018-12-07 23:59:20,271 - basehttp.py\log_message[line:124] - ERROR: "GET /cms/ HTTP/1.1" 500 168518
2018-12-08 00:00:53,998 - basehttp.py\log_message[line:124] - ERROR: "GET /cms/ HTTP/1.1" 500 168286
2018-12-08 00:00:56,925 - basehttp.py\log_message[line:124] - ERROR: "GET /cms/ HTTP/1.1" 500 168412
2018-12-08 00:00:57,128 - basehttp.py\log_message[line:124] - WARNING: "GET /favicon.ico HTTP/1.1" 404 3506
2018-12-08 00:01:02,361 - basehttp.py\log_message[line:124] - ERROR: "GET /cms/ HTTP/1.1" 500 168152
2018-12-08 00:01:36,490 - basehttp.py\log_message[line:124] - INFO: "GET /cms/ HTTP/1.1" 200 7098
2018-12-08 00:01:38,880 - basehttp.py\log_message[line:124] - INFO: "GET /cms/course_category/ HTTP/1.1" 200 10075
2018-12-08 00:01:38,940 - basehttp.py\log_message[line:124] - INFO: "GET /static/js/courses_category.js HTTP/1.1" 200 4003
